[debug] [2025-11-27T00:45:43.548Z] ----------------------------------------------------------------------
[debug] [2025-11-27T00:45:43.552Z] Command:       C:\Program Files\nodejs\node.exe C:\Users\Jairo\AppData\Roaming\npm\node_modules\firebase-tools\lib\bin\firebase.js init
[debug] [2025-11-27T00:45:43.552Z] CLI Version:   14.26.0
[debug] [2025-11-27T00:45:43.553Z] Platform:      win32
[debug] [2025-11-27T00:45:43.553Z] Node Version:  v22.14.0
[debug] [2025-11-27T00:45:43.553Z] Time:          Wed Nov 26 2025 19:45:43 GMT-0500 (hora estándar de Colombia)
[debug] [2025-11-27T00:45:43.553Z] ----------------------------------------------------------------------
[debug] 
[info] 
     ######## #### ########  ######## ########     ###     ######  ########
     ##        ##  ##     ## ##       ##     ##  ##   ##  ##       ##
     ######    ##  ########  ######   ########  #########  ######  ######
     ##        ##  ##    ##  ##       ##     ## ##     ##       ## ##
     ##       #### ##     ## ######## ########  ##     ##  ######  ########

You're about to initialize a Firebase project in this directory:

  C:\Users\Jairo\Desktop\Proyecto IED Kennedy

[info] 
=== Project Setup
[info] 
[info] First, let's associate this project directory with a Firebase project.
[info] You can create multiple project aliases by running firebase use --add, 
[info] 
[debug] [2025-11-27T00:46:52.020Z] > command requires scopes: ["email","openid","https://www.googleapis.com/auth/cloudplatformprojects.readonly","https://www.googleapis.com/auth/firebase","https://www.googleapis.com/auth/cloud-platform"]
[debug] [2025-11-27T00:46:52.020Z] > authorizing via signed-in user (jairocasas057@gmail.com)
[debug] [2025-11-27T00:46:52.021Z] Checked if tokens are valid: true, expires at: 1764207919208
[debug] [2025-11-27T00:46:52.022Z] Checked if tokens are valid: true, expires at: 1764207919208
[debug] [2025-11-27T00:46:52.022Z] >>> [apiv2][query] GET https://firebase.googleapis.com/v1beta1/projects pageSize=100
[debug] [2025-11-27T00:46:52.534Z] <<< [apiv2][status] GET https://firebase.googleapis.com/v1beta1/projects 200
[debug] [2025-11-27T00:46:52.534Z] <<< [apiv2][body] GET https://firebase.googleapis.com/v1beta1/projects [omitted]
